Grounding: 0.0347s

Cycle breaking: 0.0001s

Clark's completion: 0.0000s

DSharp compilation: 0.0015s

Grounding: 0.0406s

Cycle breaking: 0.0001s

Clark's completion: 0.0000s

DSharp compilation: 0.0005s

Grounding: 0.0364s

Cycle breaking: 0.0001s

Clark's completion: 0.0000s

DSharp compilation: 0.0004s

Grounding: 0.0398s

Cycle breaking: 0.0001s

Clark's completion: 0.0000s

DSharp compilation: 0.0004s

Grounding: 0.0388s

Cycle breaking: 0.0002s

Clark's completion: 0.0001s

DSharp compilation: 0.0004s

Grounding: 0.0373s

Cycle breaking: 0.0001s

Clark's completion: 0.0000s

DSharp compilation: 0.0004s

Grounding: 0.0369s

Cycle breaking: 0.0001s

Clark's completion: 0.0000s

DSharp compilation: 0.0004s

Grounding: 0.0451s

Cycle breaking: 0.0002s

Clark's completion: 0.0000s

DSharp compilation: 0.0122s

Grounding: 0.0482s

Cycle breaking: 0.0001s

Clark's completion: 0.0000s

DSharp compilation: 0.0004s

Grounding: 0.0392s

Cycle breaking: 0.0001s

Clark's completion: 0.0000s

DSharp compilation: 0.0004s

Grounding: 0.0595s

Cycle breaking: 0.0002s

Clark's completion: 0.0000s

DSharp compilation: 0.0005s

Grounding: 0.0522s

Cycle breaking: 0.0001s

Clark's completion: 0.0000s

DSharp compilation: 0.0005s

Grounding: 0.0442s

Cycle breaking: 0.0001s

Clark's completion: 0.0000s

DSharp compilation: 0.0004s

Grounding: 0.0376s

Cycle breaking: 0.0001s

Clark's completion: 0.0000s

DSharp compilation: 0.0004s

Grounding: 0.0370s

Cycle breaking: 0.0001s

Clark's completion: 0.0000s

DSharp compilation: 0.0004s

Grounding: 0.0508s

Cycle breaking: 0.0001s

Clark's completion: 0.0000s

DSharp compilation: 0.0004s

Grounding: 0.0405s

Cycle breaking: 0.0001s

Clark's completion: 0.0000s

DSharp compilation: 0.0004s

Grounding: 0.0384s

Cycle breaking: 0.0001s

Clark's completion: 0.0000s

DSharp compilation: 0.0004s

Grounding: 0.0387s

Cycle breaking: 0.0001s

Clark's completion: 0.0000s

DSharp compilation: 0.0004s

Grounding: 0.0428s

Cycle breaking: 0.0001s

Clark's completion: 0.0000s

DSharp compilation: 0.0004s

Grounding: 0.0470s

Cycle breaking: 0.0001s

Clark's completion: 0.0000s

DSharp compilation: 0.0004s

Grounding: 0.0399s

Cycle breaking: 0.0001s

Clark's completion: 0.0000s

DSharp compilation: 0.0004s

Grounding: 0.0375s

Cycle breaking: 0.0001s

Clark's completion: 0.0000s

DSharp compilation: 0.0004s

Grounding: 0.0459s

Cycle breaking: 0.0003s

Clark's completion: 0.0000s

DSharp compilation: 0.0005s

Grounding: 0.0560s

Cycle breaking: 0.0002s

Clark's completion: 0.0000s

DSharp compilation: 0.0004s

Grounding: 0.0380s

Cycle breaking: 0.0001s

Clark's completion: 0.0000s

DSharp compilation: 0.0004s

Grounding: 0.0417s

Cycle breaking: 0.0001s

Clark's completion: 0.0000s

DSharp compilation: 0.0004s

Grounding: 0.0484s

Cycle breaking: 0.0001s

Clark's completion: 0.0000s

DSharp compilation: 0.0004s

Grounding: 0.0454s

Cycle breaking: 0.0001s

Clark's completion: 0.0000s

DSharp compilation: 0.0004s

Grounding: 0.0391s

Cycle breaking: 0.0002s

Clark's completion: 0.0000s

DSharp compilation: 0.0004s

Grounding: 0.0375s

Cycle breaking: 0.0001s

Clark's completion: 0.0000s

DSharp compilation: 0.0005s

Grounding: 0.0457s

Cycle breaking: 0.0002s

Clark's completion: 0.0000s

DSharp compilation: 0.0115s

Grounding: 0.0432s

Cycle breaking: 0.0001s

Clark's completion: 0.0000s

DSharp compilation: 0.0004s

Grounding: 0.0509s

Cycle breaking: 0.0002s

Clark's completion: 0.0000s

DSharp compilation: 0.0103s

Grounding: 0.0367s

Cycle breaking: 0.0001s

Clark's completion: 0.0000s

DSharp compilation: 0.0004s

Grounding: 0.0421s

Cycle breaking: 0.0001s

Clark's completion: 0.0000s

DSharp compilation: 0.0004s

Grounding: 0.0433s

Cycle breaking: 0.0002s

Clark's completion: 0.0000s

DSharp compilation: 0.0105s

Grounding: 0.0368s

Cycle breaking: 0.0001s

Clark's completion: 0.0000s

DSharp compilation: 0.0004s

Grounding: 0.0372s

Cycle breaking: 0.0001s

Clark's completion: 0.0000s

DSharp compilation: 0.0004s

Grounding: 0.0471s

Cycle breaking: 0.0004s

Clark's completion: 0.0000s

DSharp compilation: 0.0005s

Grounding: 0.0454s

Cycle breaking: 0.0002s

Clark's completion: 0.0000s

DSharp compilation: 0.0004s

Grounding: 0.0410s

Cycle breaking: 0.0002s

Clark's completion: 0.0000s

DSharp compilation: 0.0103s

Grounding: 0.0498s

Cycle breaking: 0.0002s

Clark's completion: 0.0000s

DSharp compilation: 0.0004s

Grounding: 0.0486s

Cycle breaking: 0.0002s

Clark's completion: 0.0000s

DSharp compilation: 0.0100s

Traceback (most recent call last):
  File "/Users/kritisapra/opt/miniconda3/envs/potassco/lib/python3.9/site-packages/problog/ddnnf_formula.py", line 307, in _compile_with_dsharp
    result = _compile(cnf, cmd, cnf_file, nnf_file)
  File "/Users/kritisapra/opt/miniconda3/envs/potassco/lib/python3.9/site-packages/problog/ddnnf_formula.py", line 360, in _compile
    raise err
  File "/Users/kritisapra/opt/miniconda3/envs/potassco/lib/python3.9/site-packages/problog/ddnnf_formula.py", line 355, in _compile
    subprocess_check_call(cmd, stdout=OUT_NULL)
  File "/Users/kritisapra/opt/miniconda3/envs/potassco/lib/python3.9/site-packages/problog/util.py", line 189, in subprocess_check_call
    raise subprocess.CalledProcessError(retcode, cmd)
subprocess.CalledProcessError: Command '['dsharp', '-Fnnf', '/var/folders/nb/53hhjpz14pn1b1hspm5_684c0000gn/T/tmp0egod50f.nnf', '-smoothNNF', '-disableAllLits', '/var/folders/nb/53hhjpz14pn1b1hspm5_684c0000gn/T/tmpjxgpuzf9.cnf']' died with <Signals.SIGSEGV: 11>.

During handling of the above exception, another exception occurred:

Traceback (most recent call last):
  File "/Users/kritisapra/Desktop/Imperial/Fourth_Year/prob_aspal/iterative_prob_aspal_with_problog.py", line 952, in <module>
    main()
  File "/Users/kritisapra/Desktop/Imperial/Fourth_Year/prob_aspal/iterative_prob_aspal_with_problog.py", line 942, in main
    solutions, bestsolution, bestscore = find_solutions(file=filename)
  File "/Users/kritisapra/Desktop/Imperial/Fourth_Year/prob_aspal/iterative_prob_aspal_with_problog.py", line 933, in find_solutions
    solutionshere, bestsolutionhere, bestscorehere = execute(file_contents=file_contents, rule_weights=weights, modedecs=modedecs, examples=exs)
  File "/Users/kritisapra/Desktop/Imperial/Fourth_Year/prob_aspal/iterative_prob_aspal_with_problog.py", line 878, in execute
    result = get_evaluatable().create_from(PrologString(model)).evaluate()
  File "/Users/kritisapra/opt/miniconda3/envs/potassco/lib/python3.9/site-packages/problog/core.py", line 156, in create_from
    return ProbLog.convert(obj, cls, **kwdargs)
  File "/Users/kritisapra/opt/miniconda3/envs/potassco/lib/python3.9/site-packages/problog/core.py", line 121, in convert
    next_obj = path[0](current_obj, path[1](**kwdargs), **kwdargs)
  File "/Users/kritisapra/opt/miniconda3/envs/potassco/lib/python3.9/site-packages/problog/ddnnf_formula.py", line 309, in _compile_with_dsharp
    raise DSharpError()
problog.ddnnf_formula.DSharpError: DSharp has encountered an error. This is a known issue. See KNOWN_ISSUES for details on how to resolve this problem.
